2025-05-31 18:07:27,740 - INFO - Starting batch download of 3 videos with 3 workers
2025-05-31 18:07:27,741 - INFO - [Thread 6184480768] Starting download: https://cz.xhamster.com/videos/nikao-has-a-great-time-with-mally-cherry-a-gorgeous-estonian-blonde-xhHwvnb
2025-05-31 18:07:27,741 - INFO - [Thread 6201307136] Starting download: https://cz.xhamster.com/videos/photo-session-with-the-sublime-blonde-mally-cherry-who-turns-to-the-fuck-party-xh2yG0p
2025-05-31 18:07:27,741 - INFO - Starting download from: https://cz.xhamster.com/videos/nikao-has-a-great-time-with-mally-cherry-a-gorgeous-estonian-blonde-xhHwvnb
2025-05-31 18:07:27,741 - INFO - [Thread 6218133504] Starting download: https://cz.xhamster.com/videos/pussy-gaping-and-hard-banging-of-skinny-milf-ali-bordeaux-13883471
2025-05-31 18:07:27,741 - INFO - Starting download from: https://cz.xhamster.com/videos/photo-session-with-the-sublime-blonde-mally-cherry-who-turns-to-the-fuck-party-xh2yG0p
2025-05-31 18:07:27,742 - INFO - Starting download from: https://cz.xhamster.com/videos/pussy-gaping-and-hard-banging-of-skinny-milf-ali-bordeaux-13883471
2025-05-31 18:07:28,806 - INFO - Video title: Roztahování kundičky a tvrdé šukání hubené milfky Ali Bordeaux
2025-05-31 18:07:28,806 - INFO - Duration: 397 seconds
2025-05-31 18:07:28,806 - INFO - Uploader: DollsHUB
2025-05-31 18:07:29,003 - INFO - Video title: Nikao má skvělý čas s Mally Cherry nádhernou estonskou blondýnou
2025-05-31 18:07:29,015 - INFO - Video title: Focení s sublime blonďatou Mally Cherry, která začíná šukací párty
2025-05-31 18:07:29,015 - INFO - Duration: 492 seconds
2025-05-31 18:07:29,015 - INFO - Duration: 492 seconds
2025-05-31 18:07:29,015 - INFO - Uploader: mmm100
2025-05-31 18:07:29,015 - INFO - Uploader: mmm100
2025-05-31 18:08:14,236 - INFO - Download completed successfully!
2025-05-31 18:08:14,239 - INFO - [Thread 6218133504] Completed in 46.5s: https://cz.xhamster.com/videos/pussy-gaping-and-hard-banging-of-skinny-milf-ali-bordeaux-13883471
2025-05-31 18:08:14,240 - INFO - Progress: 1/3 downloads completed
2025-05-31 18:09:04,474 - INFO - Download completed successfully!
2025-05-31 18:09:04,477 - INFO - [Thread 6184480768] Completed in 96.7s: https://cz.xhamster.com/videos/nikao-has-a-great-time-with-mally-cherry-a-gorgeous-estonian-blonde-xhHwvnb
2025-05-31 18:09:04,477 - INFO - Progress: 2/3 downloads completed
2025-05-31 18:09:08,491 - INFO - Download completed successfully!
2025-05-31 18:09:08,492 - INFO - [Thread 6201307136] Completed in 100.8s: https://cz.xhamster.com/videos/photo-session-with-the-sublime-blonde-mally-cherry-who-turns-to-the-fuck-party-xh2yG0p
2025-05-31 18:09:08,492 - INFO - Progress: 3/3 downloads completed
2025-05-31 18:09:08,492 - INFO - Batch download completed: 3 successful, 0 failed
2025-05-31 18:09:08,492 - INFO - Total processing time: 244.0s
2025-05-31 18:17:43,916 - INFO - Starting download from: https://www.eporner.com/video-cF18H4gKAqw/adadad/
2025-05-31 18:17:44,389 - INFO - Video title: Adadad
2025-05-31 18:17:44,389 - INFO - Duration: 2816.0 seconds
2025-05-31 18:17:44,389 - INFO - Uploader: Unknown
2025-05-31 18:20:44,827 - INFO - Starting download from: https://www.tnaflix.com/fr/amateur-porn/PublicAgent-Night-time-outdoor-sex-at-the-station/video6345529
2025-05-31 18:20:45,591 - ERROR - Download error: [0;31mERROR:[0m Unsupported URL: https://www.tnaflix.com/fr/amateur-porn/PublicAgent-Night-time-outdoor-sex-at-the-station/video6345529
2025-05-31 18:22:38,078 - ERROR - Error getting video info: [0;31mERROR:[0m Unsupported URL: https://www.tnaflix.com/fr/amateur-porn/PublicAgent-Night-time-outdoor-sex-at-the-station/video6345529
2025-05-31 18:23:16,116 - INFO - Starting download from: https://www.tnaflix.com/fr/amateur-porn/PublicAgent-Night-time-outdoor-sex-at-the-station/video6345529
2025-05-31 18:23:16,894 - ERROR - Download error: [0;31mERROR:[0m Unsupported URL: https://www.tnaflix.com/fr/amateur-porn/PublicAgent-Night-time-outdoor-sex-at-the-station/video6345529
2025-05-31 18:25:09,790 - INFO - Starting download from: https://cdnl.tnaflix.com/212/63/45/6345529/publicagent-night-time-outdoor-sex-at-the-station-720p.mp4?rs=269k&rb=2714k&secure=GFReG2M4I6N1eF14aOjotA==,1748719462
2025-05-31 18:25:09,993 - INFO - Video title: publicagent-night-time-outdoor-sex-at-the-station-720p
2025-05-31 18:25:09,993 - INFO - Duration: Unknown seconds
2025-05-31 18:25:09,993 - INFO - Uploader: Unknown
2025-05-31 18:25:35,024 - INFO - Download completed successfully!
2025-05-31 18:34:34,511 - INFO - Download completed successfully!
2025-05-31 19:36:50,860 - INFO - Starting batch download of 8 videos with 3 workers
2025-05-31 19:36:50,861 - INFO - [Thread 6110359552] Starting download: https://cz.xhamster.com/videos/daytime-playtime-xhxq1Rd
2025-05-31 19:36:50,862 - INFO - [Thread 6127185920] Starting download: https://cz.xhamster.com/videos/young-man-has-sex-first-time-on-film-with-mature-fox-karina-in-pantyhose-xhkLFpW
2025-05-31 19:36:50,862 - INFO - Starting download from: https://cz.xhamster.com/videos/daytime-playtime-xhxq1Rd
2025-05-31 19:36:50,862 - INFO - [Thread 6144012288] Starting download: https://cz.xhamster.com/videos/daytime-playtime-xhxq1Rd
2025-05-31 19:36:50,862 - INFO - Starting download from: https://cz.xhamster.com/videos/young-man-has-sex-first-time-on-film-with-mature-fox-karina-in-pantyhose-xhkLFpW
2025-05-31 19:36:50,882 - INFO - Starting download from: https://cz.xhamster.com/videos/daytime-playtime-xhxq1Rd
2025-05-31 19:36:53,063 - INFO - Video title: Mladý muž má poprvé sex na filmu se zralou Fox Karina v punčochách
2025-05-31 19:36:53,063 - INFO - Duration: 492 seconds
2025-05-31 19:36:53,063 - INFO - Uploader: pantyhosemeplease
2025-05-31 19:36:53,215 - INFO - Video title: Hraní ve dne
2025-05-31 19:36:53,215 - INFO - Duration: 1738 seconds
2025-05-31 19:36:53,216 - INFO - Uploader: NubileFilms
2025-05-31 19:36:53,834 - INFO - Video title: Hraní ve dne
2025-05-31 19:36:53,835 - INFO - Duration: 1738 seconds
2025-05-31 19:36:53,836 - INFO - Uploader: NubileFilms
2025-05-31 19:37:43,950 - INFO - Download completed successfully!
2025-05-31 19:37:43,951 - INFO - [Thread 6110359552] Completed in 53.1s: https://cz.xhamster.com/videos/daytime-playtime-xhxq1Rd
2025-05-31 19:37:43,951 - INFO - [Thread 6110359552] Starting download: https://cz.xhamster.com/videos/shame4k-it-aint-easy-being-a-small-titty-blogger-xh4cq94
2025-05-31 19:37:43,951 - INFO - Progress: 1/8 downloads completed
2025-05-31 19:37:43,951 - INFO - Starting download from: https://cz.xhamster.com/videos/shame4k-it-aint-easy-being-a-small-titty-blogger-xh4cq94
2025-05-31 19:37:45,359 - INFO - Video title: Shame4k. není snadné být malou kozatou bloggerkou
2025-05-31 19:37:45,359 - INFO - Duration: 625 seconds
2025-05-31 19:37:45,359 - INFO - Uploader: effectivecash
2025-05-31 19:37:46,353 - INFO - Download completed successfully!
2025-05-31 19:37:46,355 - INFO - [Thread 6110359552] Completed in 2.4s: https://cz.xhamster.com/videos/shame4k-it-aint-easy-being-a-small-titty-blogger-xh4cq94
2025-05-31 19:37:46,355 - INFO - [Thread 6110359552] Starting download: https://cz.xhamster.com/videos/stepmommy-karina-reading-a-book-gets-fucked-by-stepson-xh5zLy3
2025-05-31 19:37:46,355 - INFO - Starting download from: https://cz.xhamster.com/videos/stepmommy-karina-reading-a-book-gets-fucked-by-stepson-xh5zLy3
2025-05-31 19:37:46,360 - INFO - Progress: 2/8 downloads completed
2025-05-31 19:37:47,667 - INFO - Video title: Macecha Karina čte knihu ošukaná nevlastním synem
2025-05-31 19:37:47,668 - INFO - Duration: 492 seconds
2025-05-31 19:37:47,668 - INFO - Uploader: pantyhosemeplease
2025-05-31 19:38:56,317 - INFO - Download completed successfully!
2025-05-31 19:38:56,318 - INFO - [Thread 6127185920] Completed in 125.5s: https://cz.xhamster.com/videos/young-man-has-sex-first-time-on-film-with-mature-fox-karina-in-pantyhose-xhkLFpW
2025-05-31 19:38:56,318 - INFO - [Thread 6127185920] Starting download: https://cz.xhamster.com/videos/mature4k-new-things-for-a-mature-whore-xhgNVEk
2025-05-31 19:38:56,318 - INFO - Progress: 3/8 downloads completed
2025-05-31 19:38:56,318 - INFO - Starting download from: https://cz.xhamster.com/videos/mature4k-new-things-for-a-mature-whore-xhgNVEk
2025-05-31 19:38:57,734 - INFO - Video title: Zralé4k. nové věci pro zralou děvku
2025-05-31 19:38:57,734 - INFO - Duration: 644 seconds
2025-05-31 19:38:57,735 - INFO - Uploader: effectivecash
2025-05-31 19:38:58,821 - INFO - Download completed successfully!
2025-05-31 19:38:58,822 - INFO - [Thread 6127185920] Completed in 2.5s: https://cz.xhamster.com/videos/mature4k-new-things-for-a-mature-whore-xhgNVEk
2025-05-31 19:38:58,822 - INFO - [Thread 6127185920] Starting download: https://cz.xhamster.com/videos/mature-karina-catches-boy-jerking-off-to-her-videos-and-fucks-him-xhS8w3c
2025-05-31 19:38:58,823 - INFO - Progress: 4/8 downloads completed
2025-05-31 19:38:58,823 - INFO - Starting download from: https://cz.xhamster.com/videos/mature-karina-catches-boy-jerking-off-to-her-videos-and-fucks-him-xhS8w3c
2025-05-31 19:39:01,607 - INFO - Video title: Zralá Karina přistihne chlapce při honění na jejích videích a ošuká ho
2025-05-31 19:39:01,608 - INFO - Duration: 492 seconds
2025-05-31 19:39:01,609 - INFO - Uploader: pantyhosemeplease
2025-05-31 19:40:13,004 - INFO - Download completed successfully!
2025-05-31 19:40:13,006 - INFO - [Thread 6110359552] Completed in 146.7s: https://cz.xhamster.com/videos/stepmommy-karina-reading-a-book-gets-fucked-by-stepson-xh5zLy3
2025-05-31 19:40:13,006 - INFO - [Thread 6110359552] Starting download: https://cz.xhamster.com/videos/mommy4k-wet4sweat-hot-sex-with-karina-fox-xhCGzcW
2025-05-31 19:40:13,006 - INFO - Progress: 5/8 downloads completed
2025-05-31 19:40:13,006 - INFO - Starting download from: https://cz.xhamster.com/videos/mommy4k-wet4sweat-hot-sex-with-karina-fox-xhCGzcW
2025-05-31 19:40:14,858 - INFO - Video title: MOMMY4K. Wet4sweat. Žhavý sex s Karinou Fox
2025-05-31 19:40:14,858 - INFO - Duration: 634 seconds
2025-05-31 19:40:14,858 - INFO - Uploader: effectivecash
2025-05-31 19:40:22,203 - INFO - Download completed successfully!
2025-05-31 19:40:22,205 - INFO - [Thread 6127185920] Completed in 83.4s: https://cz.xhamster.com/videos/mature-karina-catches-boy-jerking-off-to-her-videos-and-fucks-him-xhS8w3c
2025-05-31 19:40:22,205 - INFO - Progress: 6/8 downloads completed
2025-05-31 19:41:27,406 - INFO - Download completed successfully!
2025-05-31 19:41:27,408 - INFO - [Thread 6110359552] Completed in 74.4s: https://cz.xhamster.com/videos/mommy4k-wet4sweat-hot-sex-with-karina-fox-xhCGzcW
2025-05-31 19:41:27,408 - INFO - Progress: 7/8 downloads completed
2025-05-31 19:44:50,544 - INFO - Download completed successfully!
2025-05-31 19:44:50,546 - INFO - [Thread 6144012288] Completed in 479.7s: https://cz.xhamster.com/videos/daytime-playtime-xhxq1Rd
2025-05-31 19:44:50,546 - INFO - Progress: 8/8 downloads completed
2025-05-31 19:44:50,547 - INFO - Batch download completed: 8 successful, 0 failed
2025-05-31 19:44:50,547 - INFO - Total processing time: 967.6s
